<?xml version="1.0" encoding="UTF-8"?>
<!-- Generated by org.testng.reporters.JUnitXMLReporter -->
<testsuite ignored="1" hostname="Swetha" failures="0" tests="7" name="Surefire test" time="38.626" errors="0" timestamp="2025-04-02T10:25:12 IST">
  <testcase classname="sample.TestNGAttributes" name="modifyUser" time="0.01"/>
  <testcase classname="sample.TestNGAttributes" name="alterUser" time="0.0"/>
  <testcase classname="sample.TestNGPractice" name="deleteUser" time="0.0"/>
  <testcase classname="sample.TestNGPractice" name="createUser" time="0.0"/>
  <testcase classname="sample.TestNGPractice" name="alterUser" time="0.0"/>
  <testcase classname="sample.TestNGPractice" name="modifyUser" time="0.0"/>
  <testcase classname="testCaseRepo.TC_001Test" name="Leads_001" time="18.11"/>
  <testcase classname="sample.TestNGAttributes" name="deleteUser" time="0.0">
    <ignored/>
  </testcase> <!-- deleteUser -->
</testsuite> <!-- Surefire test -->
