<?xml version="1.0" encoding="UTF-8"?>
<!-- Generated by org.testng.reporters.JUnitXMLReporter -->
<testsuite ignored="4" hostname="Swetha" failures="0" tests="4" name="Test" time="49.621" errors="0" timestamp="2025-03-26T09:26:58 IST">
  <testcase classname="testCaseRepo.TC_001Test" name="Leads_001" time="27.458"/>
  <testcase classname="testCaseRepo.TC_002" name="Leads_002" time="26.847"/>
  <testcase classname="testCaseRepo.TC_005" name="Con_001" time="27.689"/>
  <testcase classname="testCaseRepo.TC_002" name="demo" time="0.009"/>
  <testcase classname="genericUtility.BaseClass" name="@BeforeSuite dbConnection" time="0.0">
    <ignored/>
  </testcase> <!-- @BeforeSuite dbConnection -->
  <testcase classname="genericUtility.BaseClass" name="@AfterSuite closeDBConnection" time="0.0">
    <ignored/>
  </testcase> <!-- @AfterSuite closeDBConnection -->
  <testcase classname="genericUtility.BaseClass" name="@BeforeSuite dbConnection" time="0.0">
    <ignored/>
  </testcase> <!-- @BeforeSuite dbConnection -->
  <testcase classname="genericUtility.BaseClass" name="@AfterSuite closeDBConnection" time="0.0">
    <ignored/>
  </testcase> <!-- @AfterSuite closeDBConnection -->
</testsuite> <!-- Test -->
