<?xml version="1.0" encoding="UTF-8"?>
<!-- Generated by org.testng.reporters.JUnitXMLReporter -->
<testsuite ignored="9" hostname="Swetha" failures="0" tests="2" name="Test" time="50.483" errors="0" timestamp="2025-04-02T10:35:28 IST">
  <testcase classname="testCaseRepo.TC_001Test" name="Leads_001" time="15.4"/>
  <testcase classname="testCaseRepo.TC_004" name="Con_001" time="15.472"/>
  <testcase classname="genericUtility.BaseClass" name="@BeforeSuite dbConnection" time="0.0">
    <ignored/>
  </testcase> <!-- @BeforeSuite dbConnection -->
  <testcase classname="testCaseRepo.TC_002" name="Leads_002" time="0.0">
    <ignored/>
  </testcase> <!-- Leads_002 -->
  <testcase classname="genericUtility.BaseClass" name="@AfterSuite closeDBConnection" time="0.0">
    <ignored/>
  </testcase> <!-- @AfterSuite closeDBConnection -->
  <testcase classname="genericUtility.BaseClass" name="@BeforeSuite dbConnection" time="0.0">
    <ignored/>
  </testcase> <!-- @BeforeSuite dbConnection -->
  <testcase classname="genericUtility.BaseClass" name="@AfterSuite closeDBConnection" time="0.0">
    <ignored/>
  </testcase> <!-- @AfterSuite closeDBConnection -->
  <testcase classname="genericUtility.BaseClass" name="@BeforeSuite dbConnection" time="0.0">
    <ignored/>
  </testcase> <!-- @BeforeSuite dbConnection -->
  <testcase classname="testCaseRepo.TC_003" name="Leads_003" time="0.0">
    <ignored/>
  </testcase> <!-- Leads_003 -->
  <testcase classname="testCaseRepo.TC_002" name="demo" time="0.0">
    <ignored/>
  </testcase> <!-- demo -->
  <testcase classname="genericUtility.BaseClass" name="@AfterSuite closeDBConnection" time="0.0">
    <ignored/>
  </testcase> <!-- @AfterSuite closeDBConnection -->
</testsuite> <!-- Test -->
