<?xml version="1.0" encoding="UTF-8"?>
<testng-results ignored="0" total="2" passed="2" failed="0" skipped="0">
  <reporter-output>
    <line>
      <![CDATA[Leads_001 On Test Start executed]]>
    </line>
    <line>
      <![CDATA[Leads_001 On Test Success executed]]>
    </line>
    <line>
      <![CDATA[Con_001 On Test Start executed]]>
    </line>
    <line>
      <![CDATA[Con_001 On Test Success executed]]>
    </line>
  </reporter-output>
  <suite started-at="2025-04-02T10:34:37 IST" name="Suite" finished-at="2025-04-02T10:35:28 IST" duration-ms="50483">
    <groups>
      <group name="Regression">
        <method signature="TC_001Test.Leads_001()[pri:0, instance:testCaseRepo.TC_001Test@52bf72b5]" name="Leads_001" class="testCaseRepo.TC_001Test"/>
        <method signature="TC_004.Con_001()[pri:0, instance:testCaseRepo.TC_004@37afeb11]" name="Con_001" class="testCaseRepo.TC_004"/>
      </group> <!-- Regression -->
      <group name="Smoke">
        <method signature="TC_001Test.Leads_001()[pri:0, instance:testCaseRepo.TC_001Test@52bf72b5]" name="Leads_001" class="testCaseRepo.TC_001Test"/>
        <method signature="TC_004.Con_001()[pri:0, instance:testCaseRepo.TC_004@37afeb11]" name="Con_001" class="testCaseRepo.TC_004"/>
      </group> <!-- Smoke -->
    </groups>
    <test started-at="2025-04-02T10:34:37 IST" name="Test" finished-at="2025-04-02T10:35:28 IST" duration-ms="50483">
      <class name="testCaseRepo.TC_001Test">
        <test-method is-config="true" signature="launchBrowser(java.lang.String)[pri:0, instance:testCaseRepo.TC_001Test@52bf72b5]" started-at="2025-04-02T10:34:37 IST" name="launchBrowser" finished-at="2025-04-02T10:34:40 IST" duration-ms="3003" status="PASS">
          <params>
            <param index="0">
              <value>
                <![CDATA[chrome]]>
              </value>
            </param>
          </params>
          <reporter-output>
          </reporter-output>
        </test-method> <!-- launchBrowser -->
        <test-method is-config="true" signature="loginOperation()[pri:0, instance:testCaseRepo.TC_001Test@52bf72b5]" started-at="2025-04-02T10:34:40 IST" name="loginOperation" finished-at="2025-04-02T10:34:44 IST" duration-ms="4040" status="PASS">
          <reporter-output>
          </reporter-output>
        </test-method> <!-- loginOperation -->
        <test-method signature="Leads_001()[pri:0, instance:testCaseRepo.TC_001Test@52bf72b5]" started-at="2025-04-02T10:34:44 IST" name="Leads_001" finished-at="2025-04-02T10:35:00 IST" duration-ms="15400" status="PASS">
          <reporter-output>
            <line>
              <![CDATA[Leads_001 On Test Start executed]]>
            </line>
            <line>
              <![CDATA[Leads_001 On Test Success executed]]>
            </line>
          </reporter-output>
        </test-method> <!-- Leads_001 -->
        <test-method is-config="true" signature="logoutOperation()[pri:0, instance:testCaseRepo.TC_001Test@52bf72b5]" started-at="2025-04-02T10:35:00 IST" name="logoutOperation" finished-at="2025-04-02T10:35:02 IST" duration-ms="2240" status="PASS">
          <reporter-output>
          </reporter-output>
        </test-method> <!-- logoutOperation -->
        <test-method is-config="true" signature="closeBrowser()[pri:0, instance:testCaseRepo.TC_001Test@52bf72b5]" started-at="2025-04-02T10:35:02 IST" name="closeBrowser" finished-at="2025-04-02T10:35:03 IST" duration-ms="331" status="PASS">
          <reporter-output>
          </reporter-output>
        </test-method> <!-- closeBrowser -->
      </class> <!-- testCaseRepo.TC_001Test -->
      <class name="testCaseRepo.TC_003">
        <test-method is-config="true" signature="dbConnection()[pri:0, instance:testCaseRepo.TC_003@59309333]" started-at="2025-04-02T10:34:37 IST" name="dbConnection" finished-at="2025-04-02T10:34:37 IST" duration-ms="16" status="PASS">
          <reporter-output>
          </reporter-output>
        </test-method> <!-- dbConnection -->
        <test-method is-config="true" signature="closeDBConnection()[pri:0, instance:testCaseRepo.TC_003@59309333]" started-at="2025-04-02T10:35:29 IST" name="closeDBConnection" finished-at="2025-04-02T10:35:29 IST" duration-ms="0" status="PASS">
          <reporter-output>
          </reporter-output>
        </test-method> <!-- closeDBConnection -->
      </class> <!-- testCaseRepo.TC_003 -->
      <class name="testCaseRepo.TC_004">
        <test-method is-config="true" signature="launchBrowser(java.lang.String)[pri:0, instance:testCaseRepo.TC_004@37afeb11]" started-at="2025-04-02T10:35:03 IST" name="launchBrowser" finished-at="2025-04-02T10:35:05 IST" duration-ms="2619" status="PASS">
          <params>
            <param index="0">
              <value>
                <![CDATA[chrome]]>
              </value>
            </param>
          </params>
          <reporter-output>
          </reporter-output>
        </test-method> <!-- launchBrowser -->
        <test-method is-config="true" signature="loginOperation()[pri:0, instance:testCaseRepo.TC_004@37afeb11]" started-at="2025-04-02T10:35:05 IST" name="loginOperation" finished-at="2025-04-02T10:35:10 IST" duration-ms="4663" status="PASS">
          <reporter-output>
          </reporter-output>
        </test-method> <!-- loginOperation -->
        <test-method signature="Con_001()[pri:0, instance:testCaseRepo.TC_004@37afeb11]" started-at="2025-04-02T10:35:10 IST" name="Con_001" finished-at="2025-04-02T10:35:25 IST" duration-ms="15472" status="PASS">
          <reporter-output>
            <line>
              <![CDATA[Con_001 On Test Start executed]]>
            </line>
            <line>
              <![CDATA[Con_001 On Test Success executed]]>
            </line>
          </reporter-output>
        </test-method> <!-- Con_001 -->
        <test-method is-config="true" signature="logoutOperation()[pri:0, instance:testCaseRepo.TC_004@37afeb11]" started-at="2025-04-02T10:35:25 IST" name="logoutOperation" finished-at="2025-04-02T10:35:27 IST" duration-ms="2050" status="PASS">
          <reporter-output>
          </reporter-output>
        </test-method> <!-- logoutOperation -->
        <test-method is-config="true" signature="closeBrowser()[pri:0, instance:testCaseRepo.TC_004@37afeb11]" started-at="2025-04-02T10:35:27 IST" name="closeBrowser" finished-at="2025-04-02T10:35:28 IST" duration-ms="320" status="PASS">
          <reporter-output>
          </reporter-output>
        </test-method> <!-- closeBrowser -->
      </class> <!-- testCaseRepo.TC_004 -->
    </test> <!-- Test -->
  </suite> <!-- Suite -->
</testng-results>
