<?xml version="1.0" encoding="UTF-8"?>
<testng-results ignored="0" total="4" passed="4" failed="0" skipped="0">
  <reporter-output>
    <line>
      <![CDATA[Leads_001 On Test Start executed]]>
    </line>
    <line>
      <![CDATA[Con_001 On Test Start executed]]>
    </line>
    <line>
      <![CDATA[Leads_002 On Test Start executed]]>
    </line>
    <line>
      <![CDATA[Leads_001 On Test Success executed]]>
    </line>
    <line>
      <![CDATA[Leads_002 On Test Success executed]]>
    </line>
    <line>
      <![CDATA[Con_001 On Test Success executed]]>
    </line>
    <line>
      <![CDATA[demo On Test Start executed]]>
    </line>
    <line>
      <![CDATA[demo On Test Success executed]]>
    </line>
  </reporter-output>
  <suite started-at="2025-03-26T09:26:08 IST" name="Suite" finished-at="2025-03-26T09:26:58 IST" duration-ms="49621">
    <groups>
      <group name="Sanity">
        <method signature="TC_002.Leads_002()[pri:0, instance:testCaseRepo.TC_002@683dbc2c]" name="Leads_002" class="testCaseRepo.TC_002"/>
      </group> <!-- Sanity -->
      <group name="Regression">
        <method signature="TC_001Test.Leads_001()[pri:0, instance:testCaseRepo.TC_001Test@548e6d58]" name="Leads_001" class="testCaseRepo.TC_001Test"/>
        <method signature="TC_002.Leads_002()[pri:0, instance:testCaseRepo.TC_002@683dbc2c]" name="Leads_002" class="testCaseRepo.TC_002"/>
      </group> <!-- Regression -->
      <group name="Smoke">
        <method signature="TC_001Test.Leads_001()[pri:0, instance:testCaseRepo.TC_001Test@548e6d58]" name="Leads_001" class="testCaseRepo.TC_001Test"/>
      </group> <!-- Smoke -->
    </groups>
    <test started-at="2025-03-26T09:26:08 IST" name="Test" finished-at="2025-03-26T09:26:58 IST" duration-ms="49621">
      <class name="testCaseRepo.TC_001Test">
        <test-method is-config="true" signature="launchBrowser(java.lang.String)[pri:0, instance:testCaseRepo.TC_001Test@548e6d58]" started-at="2025-03-26T09:26:09 IST" name="launchBrowser" finished-at="2025-03-26T09:26:13 IST" duration-ms="4530" status="PASS">
          <params>
            <param index="0">
              <value>
                <![CDATA[chrome]]>
              </value>
            </param>
          </params>
          <reporter-output>
          </reporter-output>
        </test-method> <!-- launchBrowser -->
        <test-method is-config="true" signature="loginOperation()[pri:0, instance:testCaseRepo.TC_001Test@548e6d58]" started-at="2025-03-26T09:26:13 IST" name="loginOperation" finished-at="2025-03-26T09:26:18 IST" duration-ms="5290" status="PASS">
          <reporter-output>
          </reporter-output>
        </test-method> <!-- loginOperation -->
        <test-method signature="Leads_001()[pri:0, instance:testCaseRepo.TC_001Test@548e6d58]" started-at="2025-03-26T09:26:18 IST" name="Leads_001" finished-at="2025-03-26T09:26:46 IST" duration-ms="27458" status="PASS">
          <reporter-output>
            <line>
              <![CDATA[Leads_001 On Test Start executed]]>
            </line>
            <line>
              <![CDATA[Leads_001 On Test Success executed]]>
            </line>
          </reporter-output>
        </test-method> <!-- Leads_001 -->
        <test-method is-config="true" signature="logoutOperation()[pri:0, instance:testCaseRepo.TC_001Test@548e6d58]" started-at="2025-03-26T09:26:46 IST" name="logoutOperation" finished-at="2025-03-26T09:26:48 IST" duration-ms="2588" status="PASS">
          <reporter-output>
          </reporter-output>
        </test-method> <!-- logoutOperation -->
        <test-method is-config="true" signature="closeBrowser()[pri:0, instance:testCaseRepo.TC_001Test@548e6d58]" started-at="2025-03-26T09:26:49 IST" name="closeBrowser" finished-at="2025-03-26T09:26:49 IST" duration-ms="463" status="PASS">
          <reporter-output>
          </reporter-output>
        </test-method> <!-- closeBrowser -->
      </class> <!-- testCaseRepo.TC_001Test -->
      <class name="testCaseRepo.TC_002">
        <test-method is-config="true" signature="dbConnection()[pri:0, instance:testCaseRepo.TC_002@683dbc2c]" started-at="2025-03-26T09:26:08 IST" name="dbConnection" finished-at="2025-03-26T09:26:08 IST" duration-ms="16" status="PASS">
          <reporter-output>
          </reporter-output>
        </test-method> <!-- dbConnection -->
        <test-method is-config="true" signature="launchBrowser(java.lang.String)[pri:0, instance:testCaseRepo.TC_002@683dbc2c]" started-at="2025-03-26T09:26:09 IST" name="launchBrowser" finished-at="2025-03-26T09:26:13 IST" duration-ms="4498" status="PASS">
          <params>
            <param index="0">
              <value>
                <![CDATA[chrome]]>
              </value>
            </param>
          </params>
          <reporter-output>
          </reporter-output>
        </test-method> <!-- launchBrowser -->
        <test-method is-config="true" signature="loginOperation()[pri:0, instance:testCaseRepo.TC_002@683dbc2c]" started-at="2025-03-26T09:26:13 IST" name="loginOperation" finished-at="2025-03-26T09:26:19 IST" duration-ms="5994" status="PASS">
          <reporter-output>
          </reporter-output>
        </test-method> <!-- loginOperation -->
        <test-method signature="Leads_002()[pri:0, instance:testCaseRepo.TC_002@683dbc2c]" started-at="2025-03-26T09:26:19 IST" name="Leads_002" finished-at="2025-03-26T09:26:46 IST" duration-ms="26847" status="PASS">
          <reporter-output>
            <line>
              <![CDATA[Leads_002 On Test Start executed]]>
            </line>
            <line>
              <![CDATA[Leads_002 On Test Success executed]]>
            </line>
          </reporter-output>
        </test-method> <!-- Leads_002 -->
        <test-method is-config="true" signature="logoutOperation()[pri:0, instance:testCaseRepo.TC_002@683dbc2c]" started-at="2025-03-26T09:26:46 IST" name="logoutOperation" finished-at="2025-03-26T09:26:49 IST" duration-ms="2701" status="PASS">
          <reporter-output>
          </reporter-output>
        </test-method> <!-- logoutOperation -->
        <test-method is-config="true" signature="loginOperation()[pri:0, instance:testCaseRepo.TC_002@683dbc2c]" started-at="2025-03-26T09:26:49 IST" name="loginOperation" finished-at="2025-03-26T09:26:53 IST" duration-ms="3896" status="PASS">
          <reporter-output>
          </reporter-output>
        </test-method> <!-- loginOperation -->
        <test-method signature="demo()[pri:0, instance:testCaseRepo.TC_002@683dbc2c]" started-at="2025-03-26T09:26:53 IST" name="demo" finished-at="2025-03-26T09:26:53 IST" duration-ms="9" status="PASS">
          <reporter-output>
            <line>
              <![CDATA[demo On Test Start executed]]>
            </line>
            <line>
              <![CDATA[demo On Test Success executed]]>
            </line>
          </reporter-output>
        </test-method> <!-- demo -->
        <test-method is-config="true" signature="logoutOperation()[pri:0, instance:testCaseRepo.TC_002@683dbc2c]" started-at="2025-03-26T09:26:53 IST" name="logoutOperation" finished-at="2025-03-26T09:26:58 IST" duration-ms="4977" status="PASS">
          <reporter-output>
          </reporter-output>
        </test-method> <!-- logoutOperation -->
        <test-method is-config="true" signature="closeBrowser()[pri:0, instance:testCaseRepo.TC_002@683dbc2c]" started-at="2025-03-26T09:26:58 IST" name="closeBrowser" finished-at="2025-03-26T09:26:58 IST" duration-ms="376" status="PASS">
          <reporter-output>
          </reporter-output>
        </test-method> <!-- closeBrowser -->
        <test-method is-config="true" signature="closeDBConnection()[pri:0, instance:testCaseRepo.TC_002@683dbc2c]" started-at="2025-03-26T09:26:59 IST" name="closeDBConnection" finished-at="2025-03-26T09:26:59 IST" duration-ms="4" status="PASS">
          <reporter-output>
          </reporter-output>
        </test-method> <!-- closeDBConnection -->
      </class> <!-- testCaseRepo.TC_002 -->
      <class name="testCaseRepo.TC_005">
        <test-method is-config="true" signature="launchBrowser(java.lang.String)[pri:0, instance:testCaseRepo.TC_005@623a8092]" started-at="2025-03-26T09:26:09 IST" name="launchBrowser" finished-at="2025-03-26T09:26:13 IST" duration-ms="4440" status="PASS">
          <params>
            <param index="0">
              <value>
                <![CDATA[chrome]]>
              </value>
            </param>
          </params>
          <reporter-output>
          </reporter-output>
        </test-method> <!-- launchBrowser -->
        <test-method is-config="true" signature="loginOperation()[pri:0, instance:testCaseRepo.TC_005@623a8092]" started-at="2025-03-26T09:26:13 IST" name="loginOperation" finished-at="2025-03-26T09:26:19 IST" duration-ms="5479" status="PASS">
          <reporter-output>
          </reporter-output>
        </test-method> <!-- loginOperation -->
        <test-method signature="Con_001()[pri:0, instance:testCaseRepo.TC_005@623a8092]" started-at="2025-03-26T09:26:19 IST" name="Con_001" finished-at="2025-03-26T09:26:46 IST" duration-ms="27689" status="PASS">
          <reporter-output>
            <line>
              <![CDATA[Con_001 On Test Start executed]]>
            </line>
            <line>
              <![CDATA[Con_001 On Test Success executed]]>
            </line>
          </reporter-output>
        </test-method> <!-- Con_001 -->
        <test-method is-config="true" signature="logoutOperation()[pri:0, instance:testCaseRepo.TC_005@623a8092]" started-at="2025-03-26T09:26:46 IST" name="logoutOperation" finished-at="2025-03-26T09:26:49 IST" duration-ms="2602" status="PASS">
          <reporter-output>
          </reporter-output>
        </test-method> <!-- logoutOperation -->
        <test-method is-config="true" signature="closeBrowser()[pri:0, instance:testCaseRepo.TC_005@623a8092]" started-at="2025-03-26T09:26:49 IST" name="closeBrowser" finished-at="2025-03-26T09:26:50 IST" duration-ms="980" status="PASS">
          <reporter-output>
          </reporter-output>
        </test-method> <!-- closeBrowser -->
      </class> <!-- testCaseRepo.TC_005 -->
    </test> <!-- Test -->
  </suite> <!-- Suite -->
</testng-results>
